<?xml version="1.0" encoding="UTF-8"?>
<!-- Generated by org.testng.reporters.JUnitReportReporter -->
<testsuite hostname="Hyungs-Mac-mini-3.local" name="test.LawCrawler" tests="1" failures="0" timestamp="25 Sep 2017 07:43:07 GMT" time="1.752" errors="0">
  <testcase name="generateQueryFromFiles" time="1.752" classname="test.LawCrawler"/>
</testsuite> <!-- test.LawCrawler -->
