<?xml version="1.0" encoding="UTF-8"?>
<!-- Generated by org.testng.reporters.JUnitReportReporter -->
<testsuite hostname="Hyungs-Mac-mini-3.local" name="test.LawCrawler" tests="1" failures="0" timestamp="5 Sep 2017 02:08:59 GMT" time="2.219" errors="0">
  <testcase name="generateQueryFromFiles" time="2.219" classname="test.LawCrawler"/>
</testsuite> <!-- test.LawCrawler -->
