<?xml version="1.0" encoding="UTF-8"?>
<!-- Generated by org.testng.reporters.JUnitReportReporter -->
<testsuite hostname="Hyungs-Mac-mini-3.local" name="test.DataCrawler" tests="1" failures="0" timestamp="25 Aug 2016 12:08:55 GMT" time="1.180" errors="0">
  <testcase name="prepareQuery" time="1.180" classname="test.DataCrawler"/>
</testsuite> <!-- test.DataCrawler -->
